Configuring pwstore-fast-2.4.4...
Preprocessing library for pwstore-fast-2.4.4..
Building library for pwstore-fast-2.4.4..
[1 of 1] Compiling Crypto.PasswordStore ( Crypto/PasswordStore.hs, .stack-work/dist/x86_64-linux/Cabal-2.2.0.1/build/Crypto/PasswordStore.o )

[;1mCrypto/PasswordStore.hs:124:1: [;1m[35mwarning:[0m[0m[;1m [[;1m[35m-Wunused-imports[0m[0m[;1m][0m[0m[;1m
    The import of ‘Data.Char’ is redundant
      except perhaps to import instances from ‘Data.Char’
    To import instances alone, use: import Data.Char()[0m[0m
[;1m[34m    |[0m[0m
[;1m[34m124 |[0m[0m [;1m[35mimport Data.Char[0m[0m
[;1m[34m    |[0m[0m[;1m[35m ^^^^^^^^^^^^^^^^[0m[0m
[0m[0m[0m
[;1mCrypto/PasswordStore.hs:125:1: [;1m[35mwarning:[0m[0m[;1m [[;1m[35m-Wunused-imports[0m[0m[;1m][0m[0m[;1m
    The import of ‘Data.List’ is redundant
      except perhaps to import instances from ‘Data.List’
    To import instances alone, use: import Data.List()[0m[0m
[;1m[34m    |[0m[0m
[;1m[34m125 |[0m[0m [;1m[35mimport Data.List[0m[0m
[;1m[34m    |[0m[0m[;1m[35m ^^^^^^^^^^^^^^^^[0m[0m
[0m[0m[0m
[;1mCrypto/PasswordStore.hs:126:1: [;1m[35mwarning:[0m[0m[;1m [[;1m[35m-Wunused-imports[0m[0m[;1m][0m[0m[;1m
    The import of ‘Data.Function’ is redundant
      except perhaps to import instances from ‘Data.Function’
    To import instances alone, use: import Data.Function()[0m[0m
[;1m[34m    |[0m[0m
[;1m[34m126 |[0m[0m [;1m[35mimport Data.Function[0m[0m
[;1m[34m    |[0m[0m[;1m[35m ^^^^^^^^^^^^^^^^^^^^[0m[0m
[0m[0m[0m
[;1mCrypto/PasswordStore.hs:127:1: [;1m[35mwarning:[0m[0m[;1m [[;1m[35m-Wunused-imports[0m[0m[;1m][0m[0m[;1m
    The qualified import of ‘Data.Foldable’ is redundant
      except perhaps to import instances from ‘Data.Foldable’
    To import instances alone, use: import Data.Foldable()[0m[0m
[;1m[34m    |[0m[0m
[;1m[34m127 |[0m[0m [;1m[35mimport qualified Data.Foldable as FL[0m[0m
[;1m[34m    |[0m[0m[;1m[35m ^^^^^^^^^^^^^^^^^^^^^^^^^^^^^^^^^^^^[0m[0m
[0m[0m[0m
[;1mCrypto/PasswordStore.hs:171:30: [;1m[35mwarning:[0m[0m[;1m [[;1m[35m-Wtype-defaults[0m[0m[;1m][0m[0m[;1m
    • Defaulting the following constraints to type ‘Integer’
        (Integral b0)
          arising from a use of ‘^’ at Crypto/PasswordStore.hs:171:30-33
        (Num b0)
          arising from the literal ‘32’ at Crypto/PasswordStore.hs:171:32-33
    • In the first argument of ‘(-)’, namely ‘2 ^ 32’
      In the first argument of ‘(*)’, namely ‘(2 ^ 32 - 1)’
      In the second argument of ‘(>)’, namely ‘(2 ^ 32 - 1) * hLen’[0m[0m
[;1m[34m    |[0m[0m
[;1m[34m171 |[0m[0m     go hLen dkLen | dkLen > ([;1m[35m2^32[0m[0m - 1) * hLen = error "Derived key too long."
[;1m[34m    |[0m[0m[;1m[35m                              ^^^^[0m[0m
[0m[0m[0m
[;1mCrypto/PasswordStore.hs:304:1: [;1m[35mwarning:[0m[0m[;1m [[;1m[35m-Worphans[0m[0m[;1m][0m[0m[;1m
    Orphan instance: instance Byteable [Char]
    To avoid this
        move the instance declaration to the module of the class or of the type, or
        wrap the type with a newtype and declare the instance on the new type.[0m[0m
[;1m[34m    |[0m[0m
[;1m[34m304 |[0m[0m [;1m[35minstance Byteable [Char] where[0m[0m
[;1m[34m    |[0m[0m[;1m[35m ^^^^^^^^^^^^^^^^^^^^^^^^^^^^^^...[0m[0m
[0m[0m[0m
[;1mCrypto/PasswordStore.hs:427:1: [;1m[35mwarning:[0m[0m[;1m [[;1m[35m-Wunused-top-binds[0m[0m[;1m][0m[0m[;1m
    Defined but not used: ‘toStrict’[0m[0m
[;1m[34m    |[0m[0m
[;1m[34m427 |[0m[0m [;1m[35mtoStrict[0m[0m = BL.toStrict
[;1m[34m    |[0m[0m[;1m[35m ^^^^^^^^[0m[0m
[0m[0m[0m
[;1mCrypto/PasswordStore.hs:430:1: [;1m[35mwarning:[0m[0m[;1m [[;1m[35m-Wunused-top-binds[0m[0m[;1m][0m[0m[;1m
    Defined but not used: ‘fromStrict’[0m[0m
[;1m[34m    |[0m[0m
[;1m[34m430 |[0m[0m [;1m[35mfromStrict[0m[0m = BL.fromStrict
[;1m[34m    |[0m[0m[;1m[35m ^^^^^^^^^^[0m[0m
[0m[0m[0mInstalling library in /home/echavis/Desktop/converter/.stack-work/install/x86_64-linux/lts-12.21/8.4.4/lib/x86_64-linux-ghc-8.4.4/pwstore-fast-2.4.4-D1vs1AHD5UF5SN4nd4zTRX
Registering library for pwstore-fast-2.4.4..
